<?xml version="1.0" encoding="UTF-8"?>
<!-- Generated by org.testng.reporters.JUnitReportReporter -->
<testsuite hostname="DESKTOP-4R95PB0" failures="0" tests="1" name="extent.extentDemo" time="6.745" errors="0" timestamp="23 Apr 2021 19:15:20 GMT" skipped="0">
  <testcase classname="extent.extentDemo" name="initialize" time="6.745"/>
</testsuite> <!-- extent.extentDemo -->
