<?xml version="1.0" encoding="UTF-8"?>
<!-- Generated by org.testng.reporters.JUnitReportReporter -->
<testsuite hostname="DESKTOP-4R95PB0" failures="0" tests="1" name="testcases.HomePage" time="9.275" errors="0" timestamp="25 Mar 2021 19:48:29 GMT" skipped="0">
  <testcase classname="testcases.HomePage" name="OpenApplication" time="9.275"/>
</testsuite> <!-- testcases.HomePage -->
