<?xml version="1.0" encoding="UTF-8"?>
<!-- Generated by org.testng.reporters.JUnitReportReporter -->
<testsuite hostname="DESKTOP-4R95PB0" failures="0" tests="1" name="extent.Test1" time="3.500" errors="0" timestamp="20 Jun 2021 19:55:00 GMT" skipped="0">
  <testcase classname="extent.Test1" name="getgoogle" time="3.500"/>
</testsuite> <!-- extent.Test1 -->
