<?xml version="1.0" encoding="UTF-8"?>
<!-- Generated by org.testng.reporters.JUnitReportReporter -->
<testsuite hostname="DESKTOP-4R95PB0" failures="0" tests="1" name="extent.Test2" time="4.203" errors="0" timestamp="20 Jun 2021 19:55:00 GMT" skipped="0">
  <testcase classname="extent.Test2" name="getgmail" time="4.203"/>
</testsuite> <!-- extent.Test2 -->
