<?xml version="1.0" encoding="UTF-8"?>
<!-- Generated by org.testng.reporters.JUnitReportReporter -->
<testsuite hostname="DESKTOP-4R95PB0" failures="0" tests="1" name="testcases.QuestionBank" time="4.809" errors="0" timestamp="31 Mar 2021 10:59:30 GMT" skipped="0">
  <testcase classname="testcases.QuestionBank" name="addquestion" time="4.809"/>
</testsuite> <!-- testcases.QuestionBank -->
